2025-12-25 08:34:01.014 [info] [main] Log level: Info
2025-12-25 08:34:01.014 [info] [main] Validating found git in: "git"
2025-12-25 08:34:01.014 [info] [main] Using git "2.52.0" from "git"
2025-12-25 08:34:01.014 [info] [Model][doInitialScan] Initial repository scan started
2025-12-25 08:34:01.014 [info] > git rev-parse --show-toplevel [14ms]
2025-12-25 08:34:01.014 [info] fatal: not a git repository (or any parent up to mount point /)
Stopping at filesystem boundary (GIT_DISCOVERY_ACROSS_FILESYSTEM not set).
2025-12-25 08:34:01.014 [info] [Model][doInitialScan] Initial repository scan completed - repositories (0), closed repositories (0), parent repositories (0), unsafe repositories (0)
2025-12-25 08:34:01.912 [info] > git rev-parse --show-toplevel [2ms]
2025-12-25 08:34:01.912 [info] fatal: not a git repository (or any parent up to mount point /)
Stopping at filesystem boundary (GIT_DISCOVERY_ACROSS_FILESYSTEM not set).
2025-12-25 08:34:03.459 [info] > git rev-parse --show-toplevel [3ms]
2025-12-25 08:34:03.459 [info] fatal: not a git repository (or any parent up to mount point /)
Stopping at filesystem boundary (GIT_DISCOVERY_ACROSS_FILESYSTEM not set).
2025-12-25 08:34:14.274 [info] > git rev-parse --show-toplevel [3ms]
2025-12-25 08:34:14.274 [info] fatal: not a git repository (or any parent up to mount point /)
Stopping at filesystem boundary (GIT_DISCOVERY_ACROSS_FILESYSTEM not set).
2025-12-25 08:34:19.828 [info] > git rev-parse --show-toplevel [1ms]
2025-12-25 08:34:19.828 [info] fatal: not a git repository (or any parent up to mount point /)
Stopping at filesystem boundary (GIT_DISCOVERY_ACROSS_FILESYSTEM not set).
2025-12-25 08:34:25.038 [info] > git rev-parse --show-toplevel [2ms]
2025-12-25 08:34:25.038 [info] fatal: not a git repository (or any parent up to mount point /)
Stopping at filesystem boundary (GIT_DISCOVERY_ACROSS_FILESYSTEM not set).
2025-12-25 08:34:29.952 [info] > git rev-parse --show-toplevel [2ms]
2025-12-25 08:34:29.952 [info] fatal: not a git repository (or any parent up to mount point /)
Stopping at filesystem boundary (GIT_DISCOVERY_ACROSS_FILESYSTEM not set).
2025-12-25 08:34:31.044 [info] > git rev-parse --show-toplevel [2ms]
2025-12-25 08:34:31.044 [info] fatal: not a git repository (or any parent up to mount point /)
Stopping at filesystem boundary (GIT_DISCOVERY_ACROSS_FILESYSTEM not set).
2025-12-25 08:34:43.369 [info] > git rev-parse --show-toplevel [3ms]
2025-12-25 08:34:43.369 [info] fatal: not a git repository (or any parent up to mount point /)
Stopping at filesystem boundary (GIT_DISCOVERY_ACROSS_FILESYSTEM not set).
2025-12-25 08:35:09.113 [info] > git rev-parse --show-toplevel [4ms]
2025-12-25 08:35:09.113 [info] fatal: not a git repository (or any parent up to mount point /)
Stopping at filesystem boundary (GIT_DISCOVERY_ACROSS_FILESYSTEM not set).
2025-12-25 08:35:41.418 [info] > git rev-parse --show-toplevel [3ms]
2025-12-25 08:35:41.418 [info] fatal: not a git repository (or any parent up to mount point /)
Stopping at filesystem boundary (GIT_DISCOVERY_ACROSS_FILESYSTEM not set).
2025-12-25 08:43:11.497 [info] > git rev-parse --show-toplevel [1ms]
2025-12-25 08:43:11.497 [info] fatal: not a git repository (or any parent up to mount point /)
Stopping at filesystem boundary (GIT_DISCOVERY_ACROSS_FILESYSTEM not set).
2025-12-25 08:43:17.632 [info] > git rev-parse --show-toplevel [2ms]
2025-12-25 08:43:17.632 [info] fatal: not a git repository (or any parent up to mount point /)
Stopping at filesystem boundary (GIT_DISCOVERY_ACROSS_FILESYSTEM not set).
2025-12-25 08:43:19.786 [info] > git rev-parse --show-toplevel [4ms]
2025-12-25 08:43:19.786 [info] fatal: not a git repository (or any parent up to mount point /)
Stopping at filesystem boundary (GIT_DISCOVERY_ACROSS_FILESYSTEM not set).
2025-12-25 08:43:25.917 [info] > git rev-parse --show-toplevel [0ms]
2025-12-25 08:43:25.917 [info] fatal: not a git repository (or any parent up to mount point /)
Stopping at filesystem boundary (GIT_DISCOVERY_ACROSS_FILESYSTEM not set).
2025-12-25 08:43:28.857 [info] > git rev-parse --show-toplevel [2ms]
2025-12-25 08:43:28.857 [info] fatal: not a git repository (or any parent up to mount point /)
Stopping at filesystem boundary (GIT_DISCOVERY_ACROSS_FILESYSTEM not set).
2025-12-25 08:43:29.741 [info] > git rev-parse --show-toplevel [3ms]
2025-12-25 08:43:29.741 [info] fatal: not a git repository (or any parent up to mount point /)
Stopping at filesystem boundary (GIT_DISCOVERY_ACROSS_FILESYSTEM not set).
2025-12-25 08:43:32.080 [info] > git rev-parse --show-toplevel [3ms]
2025-12-25 08:43:32.080 [info] fatal: not a git repository (or any parent up to mount point /)
Stopping at filesystem boundary (GIT_DISCOVERY_ACROSS_FILESYSTEM not set).
2025-12-25 08:43:46.546 [info] > git rev-parse --show-toplevel [3ms]
2025-12-25 08:43:46.546 [info] fatal: not a git repository (or any parent up to mount point /)
Stopping at filesystem boundary (GIT_DISCOVERY_ACROSS_FILESYSTEM not set).
2025-12-25 08:43:48.327 [info] > git rev-parse --show-toplevel [4ms]
2025-12-25 08:43:48.327 [info] fatal: not a git repository (or any parent up to mount point /)
Stopping at filesystem boundary (GIT_DISCOVERY_ACROSS_FILESYSTEM not set).
2025-12-25 08:44:04.740 [info] > git rev-parse --show-toplevel [2ms]
2025-12-25 08:44:04.740 [info] fatal: not a git repository (or any parent up to mount point /)
Stopping at filesystem boundary (GIT_DISCOVERY_ACROSS_FILESYSTEM not set).
2025-12-25 08:44:06.122 [info] > git rev-parse --show-toplevel [2ms]
2025-12-25 08:44:06.122 [info] fatal: not a git repository (or any parent up to mount point /)
Stopping at filesystem boundary (GIT_DISCOVERY_ACROSS_FILESYSTEM not set).
2025-12-25 08:44:06.642 [info] > git rev-parse --show-toplevel [2ms]
2025-12-25 08:44:06.642 [info] fatal: not a git repository (or any parent up to mount point /)
Stopping at filesystem boundary (GIT_DISCOVERY_ACROSS_FILESYSTEM not set).
2025-12-25 08:46:30.539 [info] > git rev-parse --show-toplevel [5ms]
2025-12-25 08:46:30.539 [info] fatal: not a git repository (or any parent up to mount point /)
Stopping at filesystem boundary (GIT_DISCOVERY_ACROSS_FILESYSTEM not set).
2025-12-25 08:46:31.248 [info] > git rev-parse --show-toplevel [4ms]
2025-12-25 08:46:31.248 [info] fatal: not a git repository (or any parent up to mount point /)
Stopping at filesystem boundary (GIT_DISCOVERY_ACROSS_FILESYSTEM not set).
2025-12-25 08:46:35.329 [info] > git rev-parse --show-toplevel [4ms]
2025-12-25 08:46:35.329 [info] fatal: not a git repository (or any parent up to mount point /)
Stopping at filesystem boundary (GIT_DISCOVERY_ACROSS_FILESYSTEM not set).
2025-12-25 08:59:09.655 [info] > git rev-parse --show-toplevel [2ms]
2025-12-25 08:59:09.655 [info] fatal: not a git repository (or any parent up to mount point /)
Stopping at filesystem boundary (GIT_DISCOVERY_ACROSS_FILESYSTEM not set).
2025-12-25 09:08:48.512 [info] > git rev-parse --show-toplevel [1ms]
2025-12-25 09:08:48.512 [info] fatal: not a git repository (or any parent up to mount point /)
Stopping at filesystem boundary (GIT_DISCOVERY_ACROSS_FILESYSTEM not set).
2025-12-25 09:08:52.742 [info] > git rev-parse --show-toplevel [1ms]
2025-12-25 09:08:52.742 [info] fatal: not a git repository (or any parent up to mount point /)
Stopping at filesystem boundary (GIT_DISCOVERY_ACROSS_FILESYSTEM not set).
2025-12-25 09:08:55.847 [info] > git rev-parse --show-toplevel [1ms]
2025-12-25 09:08:55.847 [info] fatal: not a git repository (or any parent up to mount point /)
Stopping at filesystem boundary (GIT_DISCOVERY_ACROSS_FILESYSTEM not set).
2025-12-25 09:09:01.166 [info] > git rev-parse --show-toplevel [2ms]
2025-12-25 09:09:01.166 [info] fatal: not a git repository (or any parent up to mount point /)
Stopping at filesystem boundary (GIT_DISCOVERY_ACROSS_FILESYSTEM not set).
2025-12-25 09:09:08.902 [info] > git rev-parse --show-toplevel [1ms]
2025-12-25 09:09:08.902 [info] fatal: not a git repository (or any parent up to mount point /)
Stopping at filesystem boundary (GIT_DISCOVERY_ACROSS_FILESYSTEM not set).
2025-12-25 09:09:13.301 [info] > git rev-parse --show-toplevel [1ms]
2025-12-25 09:09:13.301 [info] fatal: not a git repository (or any parent up to mount point /)
Stopping at filesystem boundary (GIT_DISCOVERY_ACROSS_FILESYSTEM not set).
2025-12-25 09:09:17.430 [info] > git rev-parse --show-toplevel [2ms]
2025-12-25 09:09:17.430 [info] fatal: not a git repository (or any parent up to mount point /)
Stopping at filesystem boundary (GIT_DISCOVERY_ACROSS_FILESYSTEM not set).
2025-12-25 09:09:24.138 [info] > git rev-parse --show-toplevel [1ms]
2025-12-25 09:09:24.138 [info] fatal: not a git repository (or any parent up to mount point /)
Stopping at filesystem boundary (GIT_DISCOVERY_ACROSS_FILESYSTEM not set).
2025-12-25 09:09:25.075 [info] > git rev-parse --show-toplevel [2ms]
2025-12-25 09:09:25.075 [info] fatal: not a git repository (or any parent up to mount point /)
Stopping at filesystem boundary (GIT_DISCOVERY_ACROSS_FILESYSTEM not set).
