2025-12-24 08:19:55.045 [info] Extension host with pid 4402 started
2025-12-24 08:19:55.081 [info] ExtensionService#_doActivateExtension vscode.github-authentication, startup: false, activationEvent: 'onAuthenticationRequest:github'
2025-12-24 08:19:55.113 [info] ExtensionService#_doActivateExtension vscode.emmet, startup: false, activationEvent: 'onLanguage'
2025-12-24 08:19:55.183 [info] ExtensionService#_doActivateExtension vscode.git-base, startup: true, activationEvent: '*', root cause: vscode.git
2025-12-24 08:19:55.199 [info] ExtensionService#_doActivateExtension vscode.git, startup: true, activationEvent: '*'
2025-12-24 08:19:55.262 [info] ExtensionService#_doActivateExtension vscode.github, startup: true, activationEvent: '*'
2025-12-24 08:19:55.417 [info] Eager extensions activated
2025-12-24 08:19:55.501 [info] ExtensionService#_doActivateExtension vscode.debug-auto-launch, startup: false, activationEvent: 'onStartupFinished'
2025-12-24 08:19:55.505 [info] ExtensionService#_doActivateExtension vscode.merge-conflict, startup: false, activationEvent: 'onStartupFinished'
2025-12-24 08:20:04.716 [info] Extension host terminating: renderer closed the MessagePort
2025-12-24 08:20:04.745 [info] Extension host with pid 4402 exiting with code 0
2025-12-24 08:20:06.013 [info] Extension host with pid 4602 started
2025-12-24 08:20:06.013 [info] Skipping acquiring lock for /home/user/.config/Code/User/workspaceStorage/3c6fa0f0049c2c23956a1de47072febb.
2025-12-24 08:20:06.045 [info] ExtensionService#_doActivateExtension vscode.github-authentication, startup: false, activationEvent: 'onAuthenticationRequest:github'
2025-12-24 08:20:06.088 [info] ExtensionService#_doActivateExtension vscode.emmet, startup: false, activationEvent: 'onLanguage'
2025-12-24 08:20:06.177 [info] ExtensionService#_doActivateExtension vscode.git-base, startup: true, activationEvent: '*'
2025-12-24 08:20:06.189 [info] ExtensionService#_doActivateExtension vscode.github, startup: true, activationEvent: '*'
2025-12-24 08:20:06.281 [info] Eager extensions activated
2025-12-24 08:20:06.303 [info] ExtensionService#_doActivateExtension vscode.debug-auto-launch, startup: false, activationEvent: 'onStartupFinished'
2025-12-24 08:20:06.307 [info] ExtensionService#_doActivateExtension vscode.merge-conflict, startup: false, activationEvent: 'onStartupFinished'
2025-12-24 08:20:08.657 [info] ExtensionService#_doActivateExtension vscode.git, startup: false, activationEvent: 'api', root cause: vscode.github
2025-12-24 08:20:13.951 [info] ExtensionService#_doActivateExtension vscode.html-language-features, startup: false, activationEvent: 'onLanguage:html'
2025-12-24 08:21:01.550 [info] ExtensionService#_doActivateExtension vscode.css-language-features, startup: false, activationEvent: 'onLanguage:css'
2025-12-24 08:26:35.765 [info] Extension host terminating: renderer closed the MessagePort
2025-12-24 08:26:35.794 [info] Extension host with pid 4602 exiting with code 0
