2025-12-24 12:40:04.292 [info] read schema from vscode: vscode://schemas/settings/user
2025-12-24 12:40:04.555 [info] read schema from vscode: vscode://schemas/settings/resourceLanguage
2025-12-24 12:40:04.556 [info] read schema from vscode: vscode://schemas/ignoredSettings
2025-12-24 12:40:04.580 [info] read schema from vscode: vscode://schemas/launch
2025-12-24 12:40:04.608 [info] read schema from vscode: vscode://schemas/token-styling
2025-12-24 12:40:04.609 [info] read schema from vscode: vscode://schemas/textmate-colors
2025-12-24 12:40:04.610 [info] read schema from vscode: vscode://schemas/workbench-colors
2025-12-24 12:40:04.754 [info] cancelled
2025-12-24 12:40:05.442 [info] schema change detected vscode://schemas/settings/resourceLanguage
2025-12-24 12:40:05.444 [info] read schema from vscode: vscode://schemas/settings/user
2025-12-24 12:40:05.463 [info] schema change detected vscode://schemas/ignoredSettings
2025-12-24 12:40:05.554 [info] schema change detected vscode://schemas/settings/user
2025-12-24 12:40:05.591 [info] read schema from vscode: vscode://schemas/settings/resourceLanguage
2025-12-24 12:40:05.591 [info] read schema from vscode: vscode://schemas/ignoredSettings
2025-12-24 12:40:05.722 [info] cancelled
2025-12-24 12:40:05.724 [info] read schema from vscode: vscode://schemas/settings/user
2025-12-24 12:40:05.796 [info] read schema from vscode: vscode://schemas/settings/resourceLanguage
2025-12-24 12:40:05.796 [info] read schema from vscode: vscode://schemas/ignoredSettings
2025-12-24 12:40:05.800 [info] read schema from vscode: vscode://schemas/launch
2025-12-24 12:40:05.802 [info] read schema from vscode: vscode://schemas/token-styling
2025-12-24 12:40:05.803 [info] read schema from vscode: vscode://schemas/textmate-colors
2025-12-24 12:40:05.803 [info] read schema from vscode: vscode://schemas/workbench-colors
2025-12-24 12:40:09.044 [info] schema change detected vscode://schemas/launch
2025-12-24 12:40:09.047 [info] read schema from vscode: vscode://schemas/settings/user
2025-12-24 12:40:09.122 [info] read schema from vscode: vscode://schemas/launch
