2025-12-24 12:37:27.122 [info] [main] Log level: Info
2025-12-24 12:37:27.122 [info] [main] Validating found git in: "git"
2025-12-24 12:37:27.122 [info] [main] Using git "2.51.2" from "git"
2025-12-24 12:37:27.122 [info] [Model][doInitialScan] Initial repository scan started
2025-12-24 12:37:27.122 [info] > git rev-parse --show-toplevel [17ms]
2025-12-24 12:37:27.122 [info] fatal: not a git repository (or any of the parent directories): .git
2025-12-24 12:37:27.122 [info] > git rev-parse --show-toplevel [2ms]
2025-12-24 12:37:27.122 [info] fatal: not a git repository (or any of the parent directories): .git
2025-12-24 12:37:27.122 [info] [Model][doInitialScan] Initial repository scan completed - repositories (0), closed repositories (0), parent repositories (0), unsafe repositories (0)
2025-12-24 12:37:27.525 [info] > git rev-parse --show-toplevel [3ms]
2025-12-24 12:37:27.525 [info] fatal: not a git repository (or any of the parent directories): .git
2025-12-24 12:37:27.752 [info] > git rev-parse --show-toplevel [1ms]
2025-12-24 12:37:27.753 [info] fatal: not a git repository (or any of the parent directories): .git
2025-12-24 12:37:43.781 [info] > git rev-parse --show-toplevel [1ms]
2025-12-24 12:37:43.781 [info] fatal: not a git repository (or any of the parent directories): .git
2025-12-24 12:38:01.508 [info] > git rev-parse --show-toplevel [1ms]
2025-12-24 12:38:01.508 [info] fatal: not a git repository (or any of the parent directories): .git
2025-12-24 12:38:10.858 [info] > git rev-parse --show-toplevel [2ms]
2025-12-24 12:38:10.858 [info] fatal: not a git repository (or any of the parent directories): .git
2025-12-24 12:38:23.166 [info] > git rev-parse --show-toplevel [2ms]
2025-12-24 12:38:23.166 [info] fatal: not a git repository (or any of the parent directories): .git
2025-12-24 12:38:36.435 [info] > git rev-parse --show-toplevel [1ms]
2025-12-24 12:38:36.436 [info] fatal: not a git repository (or any of the parent directories): .git
2025-12-24 12:39:01.817 [info] > git rev-parse --show-toplevel [0ms]
2025-12-24 12:39:01.817 [info] fatal: not a git repository (or any of the parent directories): .git
2025-12-24 12:39:33.543 [info] > git rev-parse --show-toplevel [1ms]
2025-12-24 12:39:33.543 [info] fatal: not a git repository (or any of the parent directories): .git
2025-12-24 12:39:40.756 [info] > git rev-parse --show-toplevel [1ms]
2025-12-24 12:39:40.756 [info] fatal: not a git repository (or any of the parent directories): .git
2025-12-24 12:40:00.614 [info] > git rev-parse --show-toplevel [1ms]
2025-12-24 12:40:00.614 [info] fatal: not a git repository (or any of the parent directories): .git
